/var/slurmd/spool/slurmd/job42258919/slurm_script: line 12: export: `#': not a valid identifier
/var/slurmd/spool/slurmd/job42258919/slurm_script: line 12: export: `(C)': not a valid identifier
/var/slurmd/spool/slurmd/job42258919/slurm_script: line 12: export: `2012': not a valid identifier
/var/slurmd/spool/slurmd/job42258919/slurm_script: line 12: export: `Anaconda,': not a valid identifier
/var/slurmd/spool/slurmd/job42258919/slurm_script: line 12: export: `#': not a valid identifier
/var/slurmd/spool/slurmd/job42258919/slurm_script: line 12: export: `SPDX-License-Identifier:': not a valid identifier
/var/slurmd/spool/slurmd/job42258919/slurm_script: line 12: export: `BSD-3-Clause': not a valid identifier
/var/slurmd/spool/slurmd/job42258919/slurm_script: line 12: export: `__conda_exe()': not a valid identifier
/var/slurmd/spool/slurmd/job42258919/slurm_script: line 12: export: `(': not a valid identifier
/var/slurmd/spool/slurmd/job42258919/slurm_script: line 12: export: `"$CONDA_EXE"': not a valid identifier
/var/slurmd/spool/slurmd/job42258919/slurm_script: line 12: export: `$_CE_M': not a valid identifier
/var/slurmd/spool/slurmd/job42258919/slurm_script: line 12: export: `$_CE_CONDA': not a valid identifier
/var/slurmd/spool/slurmd/job42258919/slurm_script: line 12: export: `"$@"': not a valid identifier
/var/slurmd/spool/slurmd/job42258919/slurm_script: line 12: export: `)': not a valid identifier
/var/slurmd/spool/slurmd/job42258919/slurm_script: line 12: export: `__conda_hashr()': not a valid identifier
/var/slurmd/spool/slurmd/job42258919/slurm_script: line 12: export: `{': not a valid identifier
/var/slurmd/spool/slurmd/job42258919/slurm_script: line 12: export: `[': not a valid identifier
/var/slurmd/spool/slurmd/job42258919/slurm_script: line 12: export: `-n': not a valid identifier
/var/slurmd/spool/slurmd/job42258919/slurm_script: line 12: export: `"${ZSH_VERSION:+x}"': not a valid identifier
/var/slurmd/spool/slurmd/job42258919/slurm_script: line 12: export: `];': not a valid identifier
/var/slurmd/spool/slurmd/job42258919/slurm_script: line 12: export: `\rehash': not a valid identifier
/var/slurmd/spool/slurmd/job42258919/slurm_script: line 12: export: `[': not a valid identifier
/var/slurmd/spool/slurmd/job42258919/slurm_script: line 12: export: `-n': not a valid identifier
/var/slurmd/spool/slurmd/job42258919/slurm_script: line 12: export: `"${POSH_VERSION:+x}"': not a valid identifier
/var/slurmd/spool/slurmd/job42258919/slurm_script: line 12: export: `];': not a valid identifier
/var/slurmd/spool/slurmd/job42258919/slurm_script: line 12: export: `:': not a valid identifier
/var/slurmd/spool/slurmd/job42258919/slurm_script: line 12: export: `#': not a valid identifier
/var/slurmd/spool/slurmd/job42258919/slurm_script: line 12: export: `\hash': not a valid identifier
/var/slurmd/spool/slurmd/job42258919/slurm_script: line 12: export: `-r': not a valid identifier
/var/slurmd/spool/slurmd/job42258919/slurm_script: line 12: export: `}': not a valid identifier
/var/slurmd/spool/slurmd/job42258919/slurm_script: line 12: export: `__conda_activate()': not a valid identifier
/var/slurmd/spool/slurmd/job42258919/slurm_script: line 12: export: `{': not a valid identifier
/var/slurmd/spool/slurmd/job42258919/slurm_script: line 12: export: `[': not a valid identifier
/var/slurmd/spool/slurmd/job42258919/slurm_script: line 12: export: `-n': not a valid identifier
/var/slurmd/spool/slurmd/job42258919/slurm_script: line 12: export: `"${CONDA_PS1_BACKUP:+x}"': not a valid identifier
/var/slurmd/spool/slurmd/job42258919/slurm_script: line 12: export: `];': not a valid identifier
/var/slurmd/spool/slurmd/job42258919/slurm_script: line 12: export: `#': not a valid identifier
/var/slurmd/spool/slurmd/job42258919/slurm_script: line 12: export: `<=': not a valid identifier
/var/slurmd/spool/slurmd/job42258919/slurm_script: line 12: export: `4.3': not a valid identifier
/var/slurmd/spool/slurmd/job42258919/slurm_script: line 12: export: `#': not a valid identifier
/var/slurmd/spool/slurmd/job42258919/slurm_script: line 12: export: `>=': not a valid identifier
/var/slurmd/spool/slurmd/job42258919/slurm_script: line 12: export: `4.4.': not a valid identifier
/var/slurmd/spool/slurmd/job42258919/slurm_script: line 12: export: `#6173.': not a valid identifier
/var/slurmd/spool/slurmd/job42258919/slurm_script: line 12: export: `\unset': not a valid identifier
/var/slurmd/spool/slurmd/job42258919/slurm_script: line 12: export: `\local': not a valid identifier
/var/slurmd/spool/slurmd/job42258919/slurm_script: line 12: export: `shell.posix': not a valid identifier
/var/slurmd/spool/slurmd/job42258919/slurm_script: line 12: export: `"$@")"': not a valid identifier
/var/slurmd/spool/slurmd/job42258919/slurm_script: line 12: export: `||': not a valid identifier
/var/slurmd/spool/slurmd/job42258919/slurm_script: line 12: export: `\return': not a valid identifier
/var/slurmd/spool/slurmd/job42258919/slurm_script: line 12: export: `\eval': not a valid identifier
/var/slurmd/spool/slurmd/job42258919/slurm_script: line 12: export: `"$ask_conda"': not a valid identifier
/var/slurmd/spool/slurmd/job42258919/slurm_script: line 12: export: `}': not a valid identifier
/var/slurmd/spool/slurmd/job42258919/slurm_script: line 12: export: `__conda_reactivate()': not a valid identifier
/var/slurmd/spool/slurmd/job42258919/slurm_script: line 12: export: `{': not a valid identifier
/var/slurmd/spool/slurmd/job42258919/slurm_script: line 12: export: `\local': not a valid identifier
/var/slurmd/spool/slurmd/job42258919/slurm_script: line 12: export: `shell.posix': not a valid identifier
/var/slurmd/spool/slurmd/job42258919/slurm_script: line 12: export: `reactivate)"': not a valid identifier
/var/slurmd/spool/slurmd/job42258919/slurm_script: line 12: export: `||': not a valid identifier
/var/slurmd/spool/slurmd/job42258919/slurm_script: line 12: export: `\return': not a valid identifier
/var/slurmd/spool/slurmd/job42258919/slurm_script: line 12: export: `\eval': not a valid identifier
/var/slurmd/spool/slurmd/job42258919/slurm_script: line 12: export: `"$ask_conda"': not a valid identifier
/var/slurmd/spool/slurmd/job42258919/slurm_script: line 12: export: `}': not a valid identifier
/var/slurmd/spool/slurmd/job42258919/slurm_script: line 12: export: `conda()': not a valid identifier
/var/slurmd/spool/slurmd/job42258919/slurm_script: line 12: export: `{': not a valid identifier
/var/slurmd/spool/slurmd/job42258919/slurm_script: line 12: export: `\local': not a valid identifier
/var/slurmd/spool/slurmd/job42258919/slurm_script: line 12: export: `"$cmd"': not a valid identifier
/var/slurmd/spool/slurmd/job42258919/slurm_script: line 12: export: `activate|deactivate)': not a valid identifier
/var/slurmd/spool/slurmd/job42258919/slurm_script: line 12: export: `"$@"': not a valid identifier
/var/slurmd/spool/slurmd/job42258919/slurm_script: line 12: export: `;;': not a valid identifier
/var/slurmd/spool/slurmd/job42258919/slurm_script: line 12: export: `install|update|upgrade|remove|uninstall)': not a valid identifier
/var/slurmd/spool/slurmd/job42258919/slurm_script: line 12: export: `"$@"': not a valid identifier
/var/slurmd/spool/slurmd/job42258919/slurm_script: line 12: export: `||': not a valid identifier
/var/slurmd/spool/slurmd/job42258919/slurm_script: line 12: export: `\return': not a valid identifier
/var/slurmd/spool/slurmd/job42258919/slurm_script: line 12: export: `;;': not a valid identifier
/var/slurmd/spool/slurmd/job42258919/slurm_script: line 12: export: `*)': not a valid identifier
/var/slurmd/spool/slurmd/job42258919/slurm_script: line 12: export: `"$@"': not a valid identifier
/var/slurmd/spool/slurmd/job42258919/slurm_script: line 12: export: `;;': not a valid identifier
/var/slurmd/spool/slurmd/job42258919/slurm_script: line 12: export: `}': not a valid identifier
/var/slurmd/spool/slurmd/job42258919/slurm_script: line 12: export: `[': not a valid identifier
/var/slurmd/spool/slurmd/job42258919/slurm_script: line 12: export: `-z': not a valid identifier
/var/slurmd/spool/slurmd/job42258919/slurm_script: line 12: export: `"${CONDA_SHLVL+x}"': not a valid identifier
/var/slurmd/spool/slurmd/job42258919/slurm_script: line 12: export: `];': not a valid identifier
/var/slurmd/spool/slurmd/job42258919/slurm_script: line 12: export: `\export': not a valid identifier
/var/slurmd/spool/slurmd/job42258919/slurm_script: line 12: export: `#': not a valid identifier
/var/slurmd/spool/slurmd/job42258919/slurm_script: line 12: export: `dev-mode': not a valid identifier
/var/slurmd/spool/slurmd/job42258919/slurm_script: line 12: export: `python.exe': not a valid identifier
/var/slurmd/spool/slurmd/job42258919/slurm_script: line 12: export: `#': not a valid identifier
/var/slurmd/spool/slurmd/job42258919/slurm_script: line 12: export: `condabin.': not a valid identifier
/var/slurmd/spool/slurmd/job42258919/slurm_script: line 12: export: `[': not a valid identifier
/var/slurmd/spool/slurmd/job42258919/slurm_script: line 12: export: `-n': not a valid identifier
/var/slurmd/spool/slurmd/job42258919/slurm_script: line 12: export: `"${_CE_CONDA:+x}"': not a valid identifier
/var/slurmd/spool/slurmd/job42258919/slurm_script: line 12: export: `]': not a valid identifier
/var/slurmd/spool/slurmd/job42258919/slurm_script: line 12: export: `&&': not a valid identifier
/var/slurmd/spool/slurmd/job42258919/slurm_script: line 12: export: `[': not a valid identifier
/var/slurmd/spool/slurmd/job42258919/slurm_script: line 12: export: `-n': not a valid identifier
/var/slurmd/spool/slurmd/job42258919/slurm_script: line 12: export: `"${WINDIR+x}"': not a valid identifier
/var/slurmd/spool/slurmd/job42258919/slurm_script: line 12: export: `];': not a valid identifier
/var/slurmd/spool/slurmd/job42258919/slurm_script: line 12: export: `"$CONDA_EXE")/condabin${PATH:+":${PATH}"}"': not a valid identifier
/var/slurmd/spool/slurmd/job42258919/slurm_script: line 12: export: `"$(\dirname': not a valid identifier
/var/slurmd/spool/slurmd/job42258919/slurm_script: line 12: export: `"$CONDA_EXE")")/condabin${PATH:+":${PATH}"}"': not a valid identifier
/var/slurmd/spool/slurmd/job42258919/slurm_script: line 12: export: `\export': not a valid identifier
/var/slurmd/spool/slurmd/job42258919/slurm_script: line 12: export: `#': not a valid identifier
/var/slurmd/spool/slurmd/job42258919/slurm_script: line 12: export: `We're': not a valid identifier
/var/slurmd/spool/slurmd/job42258919/slurm_script: line 12: export: `unbound.': not a valid identifier
/var/slurmd/spool/slurmd/job42258919/slurm_script: line 12: export: `set.': not a valid identifier
/var/slurmd/spool/slurmd/job42258919/slurm_script: line 12: export: `#': not a valid identifier
/var/slurmd/spool/slurmd/job42258919/slurm_script: line 12: export: `However,': not a valid identifier
/var/slurmd/spool/slurmd/job42258919/slurm_script: line 12: export: `we're': not a valid identifier
/var/slurmd/spool/slurmd/job42258919/slurm_script: line 12: export: `it,': not a valid identifier
/var/slurmd/spool/slurmd/job42258919/slurm_script: line 12: export: `#': not a valid identifier
/var/slurmd/spool/slurmd/job42258919/slurm_script: line 12: export: `(i.e.': not a valid identifier
/var/slurmd/spool/slurmd/job42258919/slurm_script: line 12: export: `bash).': not a valid identifier
/var/slurmd/spool/slurmd/job42258919/slurm_script: line 12: export: `[': not a valid identifier
/var/slurmd/spool/slurmd/job42258919/slurm_script: line 12: export: `-z': not a valid identifier
/var/slurmd/spool/slurmd/job42258919/slurm_script: line 12: export: `"${PS1+x}"': not a valid identifier
/var/slurmd/spool/slurmd/job42258919/slurm_script: line 12: export: `];': not a valid identifier
/n/sw/Mambaforge-23.3.1-1/etc/profile.d/conda.sh: line 10: '/n/sw/Mambaforge-23.3.1-1/bin/conda': No such file or directory
/var/slurmd/spool/slurmd/job42258919/slurm_script: line 17: python: command not found
/var/slurmd/spool/slurmd/job42258919/slurm_script: line 21: date: command not found
