Training random_sparsity_0.8 on Python code
Input model: /n/netscratch/iaifi_lab/Lab/ericjm/narrow/random_pruned/sparsity_0.8
Output: /n/netscratch/iaifi_lab/Lab/ericjm/narrow/python_trained/random_sparsity_0.8

================================================================================
Training Pruned Model on Python Code
================================================================================
Model: /n/netscratch/iaifi_lab/Lab/ericjm/narrow/random_pruned/sparsity_0.8
Output: /n/netscratch/iaifi_lab/Lab/ericjm/narrow/python_trained/random_sparsity_0.8
Max steps: 10000
Save steps: 2500
Convert to variable size: True
================================================================================

Loading model...
Converting to VariableSizeLlamaForCausalLM...
  Original parameters: 1,235,814,400
  New parameters: 591,572,992
  Reduction: 52.1%
Loading Python code dataset from local cache...
Loading from: /n/netscratch/iaifi_lab/Lab/ericjm/.cache/huggingface/datasets/codeparrot___github-code/all-all-4b2efe4a27feed92

Job completed at Thu Oct 23 12:26:50 EDT 2025
